<?xml version="1.0" encoding="UTF-8"?>
<!-- Generated by org.testng.reporters.JUnitXMLReporter -->
<testsuite hostname="INBLRWIT2971S" ignored="0" name="Test" tests="3" failures="0" timestamp="14 Apr 2020 11:28:13 GMT" time="58.142" errors="0">
  <testcase name="featuretitle" time="0.211" classname="TestCases.validateTitle"/>
  <testcase name="basehomepagenavigationn" time="12.046" classname="TestCases.HomePage"/>
  <testcase name="navbar" time="0.167" classname="TestCases.validatenavigationbar"/>
</testsuite> <!-- Test -->
