<?xml version="1.0" encoding="UTF-8"?>
<!-- Generated by org.testng.reporters.JUnitXMLReporter -->
<testsuite hostname="INBLRWIT2971S" ignored="0" name="validatenavigationbar" tests="1" failures="0" timestamp="16 Apr 2020 09:24:22 GMT" time="0.021" errors="0">
  <testcase name="@BeforeTest initialize" time="0.002" classname="TestCases.validatenavigationbar">
    <failure type="java.lang.NullPointerException">
      <![CDATA[java.lang.NullPointerException
	at Resources.Base.initializeDriver(Base.java:38)
	at TestCases.validatenavigationbar.initialize(validatenavigationbar.java:20)
... Removed 23 stack frames]]>
    </failure>
  </testcase> <!-- @BeforeTest initialize -->
  <testcase name="@AfterTest clouser" time="0.0" classname="TestCases.validatenavigationbar">
    <skipped/>
  </testcase> <!-- @AfterTest clouser -->
  <testcase name="navbar" time="0.0" classname="TestCases.validatenavigationbar">
    <skipped/>
  </testcase> <!-- navbar -->
</testsuite> <!-- validatenavigationbar -->
