<?xml version="1.0" encoding="UTF-8"?>
<testng-results skipped="0" failed="0" ignored="0" total="1" passed="1">
  <reporter-output>
  </reporter-output>
  <suite name="Suite" duration-ms="44754" started-at="2020-04-17T10:29:45Z" finished-at="2020-04-17T10:30:30Z">
    <groups>
    </groups>
    <test name="validatelinks" duration-ms="44754" started-at="2020-04-17T10:29:45Z" finished-at="2020-04-17T10:30:30Z">
      <class name="TestCases.validateCourses">
        <test-method status="PASS" signature="initialize()[pri:0, instance:TestCases.validateCourses@179ece50]" name="initialize" is-config="true" duration-ms="16450" started-at="2020-04-17T15:59:45Z" finished-at="2020-04-17T16:00:01Z">
          <reporter-output>
          </reporter-output>
        </test-method> <!-- initialize -->
        <test-method status="PASS" signature="validatecourselinks()[pri:0, instance:TestCases.validateCourses@179ece50]" name="validatecourselinks" duration-ms="28268" started-at="2020-04-17T16:00:01Z" finished-at="2020-04-17T16:00:30Z">
          <reporter-output>
          </reporter-output>
        </test-method> <!-- validatecourselinks -->
      </class> <!-- TestCases.validateCourses -->
    </test> <!-- validatelinks -->
  </suite> <!-- Suite -->
</testng-results>
